

*******************************************************************************
Tue Jul 10 08:07:41 2018


FIT:    data read from 'log_explicit.dat'
        format = z
        #datapoints = 5
        residuals are weighted equally (unit weight)

function used for fitting: g(x)
	g(x) = a*x+b
fitted parameters initialized with current variable values

iter      chisq       delta/lim  lambda   a             b            
   0 1.2010379438e+03   0.00e+00  1.49e+00    1.000000e+00   1.000000e+00
   4 6.0303954696e-02  -1.17e-03  1.49e-04    8.752401e-01   1.668732e+01

After 4 iterations the fit converged.
final sum of squares of residuals : 0.060304
rel. change during last iteration : -1.17257e-08

degrees of freedom    (FIT_NDF)                        : 3
rms of residuals      (FIT_STDFIT) = sqrt(WSSR/ndf)    : 0.141779
variance of residuals (reduced chisquare) = WSSR/ndf   : 0.0201013

Final set of parameters            Asymptotic Standard Error
=======================            ==========================
a               = 0.87524          +/- 0.05891      (6.731%)
b               = 16.6873          +/- 0.1097       (0.6575%)

correlation matrix of the fit parameters:
                a      b      
a               1.000 
b              -0.816  1.000 


*******************************************************************************
Tue Jul 10 08:08:02 2018


FIT:    data read from 'log_implicit.dat'
        format = z
        #datapoints = 5
        residuals are weighted equally (unit weight)

function used for fitting: g(x)
	g(x) = a*x+b
fitted parameters initialized with current variable values

iter      chisq       delta/lim  lambda   a             b            
   0 1.2194566914e+03   0.00e+00  1.49e+00    1.000000e+00   1.000000e+00
   4 2.6709175387e-02  -2.63e-03  1.49e-04    9.682620e-01   1.666506e+01

After 4 iterations the fit converged.
final sum of squares of residuals : 0.0267092
rel. change during last iteration : -2.62511e-08

degrees of freedom    (FIT_NDF)                        : 3
rms of residuals      (FIT_STDFIT) = sqrt(WSSR/ndf)    : 0.094356
variance of residuals (reduced chisquare) = WSSR/ndf   : 0.00890306

Final set of parameters            Asymptotic Standard Error
=======================            ==========================
a               = 0.968262         +/- 0.03921      (4.049%)
b               = 16.6651          +/- 0.07303      (0.4382%)

correlation matrix of the fit parameters:
                a      b      
a               1.000 
b              -0.816  1.000 
